2024-12-28 13:22:24,371 [Worker-1: Loading available Gradle versions] INFO  o.e.b.c.i.u.g.PublishedGradleVersions - Gradle version information cache is not available. Remote download required.
2024-12-28 13:31:18,410 [Worker-25: Creating project "com.pw.workshop"] INFO  o.e.m.c.i.l.LifecycleMappingFactory - Using org.eclipse.m2e.jdt.JarLifecycleMapping lifecycle mapping for MavenProject: com.pw.workshop:com.pw.workshop:0.0.1-SNAPSHOT @ /Users/siddharthaupadhyay/playwright-workspace/com.pw.workshop/pom.xml.
2024-12-28 13:31:18,719 [Worker-25: Creating project "com.pw.workshop"] INFO  o.e.m.j.i.AbstractJavaProjectConfigurator - Adding source folder /com.pw.workshop/src/main/java
2024-12-28 13:31:18,721 [Worker-25: Creating project "com.pw.workshop"] INFO  o.e.m.j.i.AbstractJavaProjectConfigurator - Adding resource folder /com.pw.workshop/src/main/resources
2024-12-28 13:31:18,721 [Worker-25: Creating project "com.pw.workshop"] INFO  o.e.m.j.i.AbstractJavaProjectConfigurator - Adding source folder /com.pw.workshop/src/test/java
2024-12-28 13:31:18,721 [Worker-25: Creating project "com.pw.workshop"] INFO  o.e.m.j.i.AbstractJavaProjectConfigurator - Adding resource folder /com.pw.workshop/src/test/resources
2024-12-28 13:31:19,357 [Worker-10: Building] WARN  o.a.m.s.f.DefaultMavenResourcesFiltering - Using platform encoding (UTF-8 actually) to copy filtered resources, i.e. build is platform dependent!
2024-12-28 13:31:19,360 [Worker-10: Building] INFO  o.a.m.s.f.DefaultMavenResourcesFiltering - Copying 0 resource from src/main/resources to target/classes
2024-12-28 13:31:19,362 [Worker-10: Building] WARN  o.a.m.s.f.DefaultMavenResourcesFiltering - Using platform encoding (UTF-8 actually) to copy filtered resources, i.e. build is platform dependent!
2024-12-28 13:31:19,363 [Worker-10: Building] INFO  o.a.m.s.f.DefaultMavenResourcesFiltering - Copying 0 resource from src/test/resources to target/test-classes
2024-12-28 13:31:40,723 [Worker-25: Building] INFO  o.e.m.c.i.l.LifecycleMappingFactory - Using org.eclipse.m2e.jdt.JarLifecycleMapping lifecycle mapping for MavenProject: com.pw.workshop:com.pw.workshop:0.0.1-SNAPSHOT @ /Users/siddharthaupadhyay/playwright-workspace/com.pw.workshop/pom.xml.
2024-12-28 13:31:40,822 [Worker-25: Building] WARN  o.a.m.s.f.DefaultMavenResourcesFiltering - Using platform encoding (UTF-8 actually) to copy filtered resources, i.e. build is platform dependent!
2024-12-28 13:31:40,824 [Worker-25: Building] INFO  o.a.m.s.f.DefaultMavenResourcesFiltering - Copying 0 resource from src/main/resources to target/classes
2024-12-28 13:31:40,827 [Worker-25: Building] WARN  o.a.m.s.f.DefaultMavenResourcesFiltering - Using platform encoding (UTF-8 actually) to copy filtered resources, i.e. build is platform dependent!
2024-12-28 13:31:40,828 [Worker-25: Building] INFO  o.a.m.s.f.DefaultMavenResourcesFiltering - Copying 0 resource from src/test/resources to target/test-classes
2024-12-28 13:31:42,035 [Worker-18: Building] WARN  o.a.m.s.f.DefaultMavenResourcesFiltering - Using platform encoding (UTF-8 actually) to copy filtered resources, i.e. build is platform dependent!
2024-12-28 13:31:42,035 [Worker-18: Building] INFO  o.a.m.s.f.DefaultMavenResourcesFiltering - Copying 0 resource from src/main/resources to target/classes
2024-12-28 13:31:42,037 [Worker-18: Building] WARN  o.a.m.s.f.DefaultMavenResourcesFiltering - Using platform encoding (UTF-8 actually) to copy filtered resources, i.e. build is platform dependent!
2024-12-28 13:31:42,037 [Worker-18: Building] INFO  o.a.m.s.f.DefaultMavenResourcesFiltering - Copying 0 resource from src/test/resources to target/test-classes
2024-12-28 13:31:42,157 [Worker-10: Download sources and javadoc] INFO  o.e.m.c.i.e.AbstractTransferListenerAdapter - Downloading https://repo.maven.apache.org/maven2/com/microsoft/playwright/driver/1.38.0/driver-1.38.0-sources.jar
2024-12-28 13:31:42,165 [Worker-10: Download sources and javadoc] INFO  o.e.m.c.i.e.AbstractTransferListenerAdapter - Downloaded https://repo.maven.apache.org/maven2/com/microsoft/playwright/driver/1.38.0/driver-1.38.0-sources.jar
2024-12-28 13:31:42,166 [Worker-10: Download sources and javadoc] INFO  o.e.m.j.internal.DownloadSourcesJob - Downloaded sources for com.microsoft.playwright:driver:1.38.0
2024-12-28 13:31:48,163 [Worker-10: Download sources and javadoc] INFO  o.e.m.c.i.e.AbstractTransferListenerAdapter - Downloading https://repo.maven.apache.org/maven2/com/microsoft/playwright/driver-bundle/1.38.0/driver-bundle-1.38.0-sources.jar
2024-12-28 13:31:53,119 [Worker-18: Updating Maven Project] INFO  o.e.m.c.i.p.ProjectConfigurationManager - Update started
2024-12-28 13:31:53,222 [Worker-18: Updating Maven Project] INFO  o.e.m.c.i.l.LifecycleMappingFactory - Using org.eclipse.m2e.jdt.JarLifecycleMapping lifecycle mapping for MavenProject: com.pw.workshop:com.pw.workshop:0.0.1-SNAPSHOT @ /Users/siddharthaupadhyay/playwright-workspace/com.pw.workshop/pom.xml.
2024-12-28 13:32:53,522 [Worker-18: Updating Maven Project] INFO  o.e.m.j.i.AbstractJavaProjectConfigurator - Adding source folder /com.pw.workshop/src/main/java
2024-12-28 13:32:53,523 [Worker-18: Updating Maven Project] INFO  o.e.m.j.i.AbstractJavaProjectConfigurator - Adding resource folder /com.pw.workshop/src/main/resources
2024-12-28 13:32:53,523 [Worker-18: Updating Maven Project] INFO  o.e.m.j.i.AbstractJavaProjectConfigurator - Adding source folder /com.pw.workshop/src/test/java
2024-12-28 13:32:53,524 [Worker-18: Updating Maven Project] INFO  o.e.m.j.i.AbstractJavaProjectConfigurator - Adding resource folder /com.pw.workshop/src/test/resources
2024-12-28 13:32:53,556 [Worker-18: Updating Maven Project] INFO  o.e.m.c.i.p.ProjectConfigurationManager - Update completed for 1 poms: local refresh takes 0.00 sec, refresh facades takes 60.00 sec, update config takes 0.00 sec 
2024-12-28 13:32:53,730 [Worker-18: Building] WARN  o.a.m.s.f.DefaultMavenResourcesFiltering - Using platform encoding (UTF-8 actually) to copy filtered resources, i.e. build is platform dependent!
2024-12-28 13:32:53,731 [Worker-18: Building] INFO  o.a.m.s.f.DefaultMavenResourcesFiltering - Copying 0 resource from src/main/resources to target/classes
2024-12-28 13:32:53,734 [Worker-18: Building] WARN  o.a.m.s.f.DefaultMavenResourcesFiltering - Using platform encoding (UTF-8 actually) to copy filtered resources, i.e. build is platform dependent!
2024-12-28 13:32:53,734 [Worker-18: Building] INFO  o.a.m.s.f.DefaultMavenResourcesFiltering - Copying 0 resource from src/test/resources to target/test-classes
